This is LuaHBTeX, Version 1.22.0 (TeX Live 2025)  (format=lualatex 2025.11.22)  9 DEC 2025 18:58
 restricted system commands enabled.
**main.tex
(./main.tex
LaTeX2e <2025-11-01>
L3 programming layer <2025-11-06>
Lua module: luaotfload 2024-12-03 v3.29 Lua based OpenType font support
Lua module: lualibs 2023-07-13 v2.76 ConTeXt Lua standard libraries.
Lua module: lualibs-extended 2023-07-13 v2.76 ConTeXt Lua libraries -- extended 
collection.
luaotfload | conf : Root cache directory is "/home/lunog/.texlive2025/texmf-var/
luatex-cache/generic/names".
luaotfload | init : Loading fontloader "fontloader-2023-12-28.lua" from kpse-res
olved path "/usr/local/texlive/2025/texmf-dist/tex/luatex/luaotfload/fontloader-
2023-12-28.lua".
Lua-only attribute luaotfload@noligature = 1
luaotfload | init : Context OpenType loader version 3.134
Inserting `luaotfload.node_processor' in `pre_linebreak_filter'.
Inserting `luaotfload.node_processor' in `hpack_filter'.
Inserting `luaotfload.glyph_stream' in `glyph_stream_provider'.
Inserting `luaotfload.define_font' in `define_font'.
Lua-only attribute luaotfload_color_attribute = 2
luaotfload | conf : Root cache directory is "/home/lunog/.texlive2025/texmf-var/
luatex-cache/generic/names".
Inserting `luaotfload.harf.strip_prefix' in `find_opentype_file'.
Inserting `luaotfload.harf.strip_prefix' in `find_truetype_file'.
Removing  `luaotfload.glyph_stream' from `glyph_stream_provider'.
Inserting `luaotfload.harf.glyphstream' in `glyph_stream_provider'.
Inserting `luaotfload.harf.finalize_vlist' in `post_linebreak_filter'.
Inserting `luaotfload.harf.finalize_hlist' in `hpack_filter'.
Inserting `luaotfload.cleanup_files' in `wrapup_run'.
Inserting `luaotfload.harf.finalize_unicode' in `finish_pdffile'.
Inserting `luaotfload.glyphinfo' in `glyph_info'.
Lua-only attribute luaotfload.letterspace_done = 3
Inserting `luaotfload.aux.set_sscale_dimens' in `luaotfload.patch_font'.
Inserting `luaotfload.aux.set_font_index' in `luaotfload.patch_font'.
Inserting `luaotfload.aux.patch_cambria_domh' in `luaotfload.patch_font'.
Inserting `luaotfload.aux.fixup_fontdata' in `luaotfload.patch_font_unsafe'.
Inserting `luaotfload.aux.set_capheight' in `luaotfload.patch_font'.
Inserting `luaotfload.aux.set_xheight' in `luaotfload.patch_font'.
Inserting `luaotfload.rewrite_fontname' in `luaotfload.patch_font'.
Inserting `tracingstacklevels' in `input_level_string'. (./uetgraduation.cls
Document Class: uetgraduation 2024/12/31 LaTeX document class for Vietnam Natio
nal University, University of Engineering and Technology (VNU-UET) graduation d
ocuments. 
(./sizes.clo
File: sizes.clo 
\@sb=\dimen147
luaotfload | db : Font names database loaded from /home/lunog/.texlive2025/texmf
-var/luatex-cache/generic/names/luaotfload-names.luc.gz) (/usr/local/texlive/20
25/texmf-dist/tex/latex/amsmath/amsmath.sty
Package: amsmath 2025/07/09 v2.17z AMS math features
\@mathmargin=\skip49
For additional information on amsmath, use the `?' option.
(/usr/local/texlive/2025/texmf-dist/tex/latex/amsmath/amstext.sty
Package: amstext 2024/11/17 v2.01 AMS text

(/usr/local/texlive/2025/texmf-dist/tex/latex/amsmath/amsgen.sty
File: amsgen.sty 1999/11/30 v2.0 generic functions
\@emptytoks=\toks17
\ex@=\dimen148
))
(/usr/local/texlive/2025/texmf-dist/tex/latex/amsmath/amsbsy.sty
Package: amsbsy 1999/11/29 v1.2d Bold Symbols
\pmbraise@=\dimen149
)
(/usr/local/texlive/2025/texmf-dist/tex/latex/amsmath/amsopn.sty
Package: amsopn 2022/04/08 v2.04 operator names
)
\inf@bad=\count273
LaTeX Info: Redefining \frac on input line 235.
\uproot@=\count274
\leftroot@=\count275
LaTeX Info: Redefining \overline on input line 398.
LaTeX Info: Redefining \colon on input line 409.
\classnum@=\count276
\DOTSCASE@=\count277
LaTeX Info: Redefining \ldots on input line 495.
LaTeX Info: Redefining \dots on input line 498.
LaTeX Info: Redefining \cdots on input line 619.
\Mathstrutbox@=\box53
\strutbox@=\box54
LaTeX Info: Redefining \big on input line 721.
LaTeX Info: Redefining \Big on input line 722.
LaTeX Info: Redefining \bigg on input line 723.
LaTeX Info: Redefining \Bigg on input line 724.
\big@size=\dimen150
LaTeX Font Info:    Redeclaring font encoding OML on input line 742.
LaTeX Font Info:    Redeclaring font encoding OMS on input line 743.
\macc@depth=\count278
LaTeX Info: Redefining \bmod on input line 904.
LaTeX Info: Redefining \pmod on input line 909.
LaTeX Info: Redefining \smash on input line 939.
LaTeX Info: Redefining \relbar on input line 969.
LaTeX Info: Redefining \Relbar on input line 970.
\c@MaxMatrixCols=\count279
\dotsspace@=\muskip17
\c@parentequation=\count280
\dspbrk@lvl=\count281
\tag@help=\toks18
\row@=\count282
\column@=\count283
\maxfields@=\count284
\andhelp@=\toks19
\eqnshift@=\dimen151
\alignsep@=\dimen152
\tagshift@=\dimen153
\tagwidth@=\dimen154
\totwidth@=\dimen155
\lineht@=\dimen156
\@envbody=\toks20
\multlinegap=\skip50
\multlinetaggap=\skip51
\mathdisplay@stack=\toks21
LaTeX Info: Redefining \[ on input line 2950.
LaTeX Info: Redefining \] on input line 2951.
)
(/usr/local/texlive/2025/texmf-dist/tex/latex/float/float.sty
Package: float 2001/11/08 v1.3d Float enhancements (AL)
\c@float@type=\count285
\float@exts=\toks22
\float@box=\box55
\@float@everytoks=\toks23
\@floatcapt=\box56
)
(/usr/local/texlive/2025/texmf-dist/tex/latex/geometry/geometry.sty
Package: geometry 2020/01/02 v5.9 Page Geometry

(/usr/local/texlive/2025/texmf-dist/tex/latex/graphics/keyval.sty
Package: keyval 2022/05/29 v1.15 key=value parser (DPC)
\KV@toks@=\toks24
)
(/usr/local/texlive/2025/texmf-dist/tex/generic/iftex/ifvtex.sty
Package: ifvtex 2019/10/25 v1.7 ifvtex legacy package. Use iftex instead.

(/usr/local/texlive/2025/texmf-dist/tex/generic/iftex/iftex.sty
Package: iftex 2024/12/12 v1.0g TeX engine tests
))
\Gm@cnth=\count286
\Gm@cntv=\count287
\c@Gm@tempcnt=\count288
\Gm@bindingoffset=\dimen157
\Gm@wd@mp=\dimen158
\Gm@odd@mp=\dimen159
\Gm@even@mp=\dimen160
\Gm@layoutwidth=\dimen161
\Gm@layoutheight=\dimen162
\Gm@layouthoffset=\dimen163
\Gm@layoutvoffset=\dimen164
\Gm@dimlist=\toks25
)
(/usr/local/texlive/2025/texmf-dist/tex/latex/fontspec/fontspec.sty
(/usr/local/texlive/2025/texmf-dist/tex/latex/l3packages/xparse/xparse.sty
(/usr/local/texlive/2025/texmf-dist/tex/latex/l3kernel/expl3.sty
Package: expl3 2025-11-06 L3 programming layer (loader) 

(/usr/local/texlive/2025/texmf-dist/tex/latex/l3backend/l3backend-luatex.def
File: l3backend-luatex.def 2025-10-09 L3 backend support: PDF output (LuaTeX)
\l__color_backend_stack_int=\count289
Inserting `l3color' in `luaotfload.parse_color'.))
Package: xparse 2025-10-09 L3 Experimental document command parser
)
Package: fontspec 2025/09/29 v2.9g Font selection for XeLaTeX and LuaLaTeX
Lua module: fontspec 2025/09/29 v2.9g Font selection for XeLaTeX and LuaLaTeX (/usr/local/texlive/2025/texmf-dist/tex/latex/fontspec/fontspec-luatex.sty
Package: fontspec-luatex 2025/09/29 v2.9g Font selection for XeLaTeX and LuaLaT
eX
\l__fontspec_script_int=\count290
\l__fontspec_language_int=\count291
\l__fontspec_strnum_int=\count292
\l__fontspec_tmp_int=\count293
\l__fontspec_tmpa_int=\count294
\l__fontspec_tmpb_int=\count295
\l__fontspec_tmpc_int=\count296
\l__fontspec_em_int=\count297
\l__fontspec_emdef_int=\count298
\l__fontspec_strong_int=\count299
\l__fontspec_strongdef_int=\count300
\l__fontspec_tmpa_dim=\dimen165
\l__fontspec_tmpb_dim=\dimen166
\l__fontspec_tmpc_dim=\dimen167

(/usr/local/texlive/2025/texmf-dist/tex/latex/base/fontenc.sty
Package: fontenc 2025/07/18 v2.1d Standard LaTeX package
)
(/usr/local/texlive/2025/texmf-dist/tex/latex/fontspec/fontspec.cfg)))
(/usr/local/texlive/2025/texmf-dist/tex/latex/graphics/graphicx.sty
Package: graphicx 2024/12/31 v1.2e Enhanced LaTeX Graphics (DPC,SPQR)

(/usr/local/texlive/2025/texmf-dist/tex/latex/graphics/graphics.sty
Package: graphics 2024/08/06 v1.4g Standard LaTeX Graphics (DPC,SPQR)

(/usr/local/texlive/2025/texmf-dist/tex/latex/graphics/trig.sty
Package: trig 2023/12/02 v1.11 sin cos tan (DPC)
)
(/usr/local/texlive/2025/texmf-dist/tex/latex/graphics-cfg/graphics.cfg
File: graphics.cfg 2016/06/04 v1.11 sample graphics configuration
)
Package graphics Info: Driver file: luatex.def on input line 106.

(/usr/local/texlive/2025/texmf-dist/tex/latex/graphics-def/luatex.def
File: luatex.def 2025/09/29 v1.2f Graphics/color driver for luatex
))
\Gin@req@height=\dimen168
\Gin@req@width=\dimen169
)
(/usr/local/texlive/2025/texmf-dist/tex/latex/was/icomma.sty
Package: icomma 2002/03/10 v2.0 (WaS)
)
(/usr/local/texlive/2025/texmf-dist/tex/latex/tools/indentfirst.sty
Package: indentfirst 2023/07/02 v1.03 Indent first paragraph (DPC)
)
(/usr/local/texlive/2025/texmf-dist/tex/latex/mathfont/mathfont.sty
Package: mathfont 2025/06/05 v. 2.4a
\M@loader=\count301
Package mathfont Info: Package fontspec was requested for font loading.
Package mathfont Info: Package fontspec detected.
Package mathfont Info: Setting \g__fontspec_math_bool to false.
Package mathfont Info: Using fontspec as font-loader.
Package mathfont Info: Enabling Lua-based font adjustments.
Package mathfont Info: Adapting \set@mathchar for unicode.
Package mathfont Info: Adapting \set@mathsymbol for unicode.
Package mathfont Info: Adapting \set@mathaccent for unicode.
Package mathfont Info: Increasing upper bound on \DeclareSymbolFont to 256.
\surdbox=\box57
\M@count=\count302
\M@num@localfonts=\count303
\M@RuleThicknessFactor=\count304
\M@IntegralItalicFactor=\count305
\M@SurdVerticalFactor=\count306
\M@SurdHorizontalFactor=\count307
\radicandoffset=\muskip18
\M@Charm=\read2
\M@toks=\toks26
Inserting `mathfont.adjust_font' in `luaotfload.patch_font'.)
:: mathfont :: Using fontspec as font-loader.
:: mathfont :: Lua-based font adjustments enabled.
(/usr/local/texlive/2025/texmf-dist/tex/latex/siunitx/siunitx.sty
Package: siunitx 2025-07-09 v3.4.14 A comprehensive (SI) units package
\l__siunitx_number_uncert_offset_int=\count308
\l__siunitx_number_exponent_fixed_int=\count309
\l__siunitx_number_min_decimal_int=\count310
\l__siunitx_number_min_integer_int=\count311
\l__siunitx_number_round_precision_int=\count312
\l__siunitx_number_lower_threshold_int=\count313
\l__siunitx_number_upper_threshold_int=\count314
\l__siunitx_number_group_first_int=\count315
\l__siunitx_number_group_size_int=\count316
\l__siunitx_number_group_minimum_int=\count317
\l__siunitx_angle_tmp_dim=\dimen170
\l__siunitx_angle_marker_box=\box58
\l__siunitx_angle_unit_box=\box59
\l__siunitx_compound_count_int=\count318

(/usr/local/texlive/2025/texmf-dist/tex/latex/translations/translations.sty
Package: translations 2022/02/05 v1.12 internationalization of LaTeX2e packages
 (CN)

(/usr/local/texlive/2025/texmf-dist/tex/latex/etoolbox/etoolbox.sty
Package: etoolbox 2025/10/02 v2.5m e-TeX tools for LaTeX (JAW)
\etb@tempcnta=\count319
)
(/usr/local/texlive/2025/texmf-dist/tex/generic/pdftexcmds/pdftexcmds.sty
Package: pdftexcmds 2020-06-27 v0.33 Utility functions of pdfTeX for LuaTeX (HO
)

(/usr/local/texlive/2025/texmf-dist/tex/generic/infwarerr/infwarerr.sty
Package: infwarerr 2019/12/03 v1.5 Providing info/warning/error messages (HO)
)
(/usr/local/texlive/2025/texmf-dist/tex/generic/ltxcmds/ltxcmds.sty
Package: ltxcmds 2023-12-04 v1.26 LaTeX kernel commands for general use (HO)
)
Package pdftexcmds Info: \pdf@primitive is available.
Package pdftexcmds Info: \pdf@ifprimitive is available.
Package pdftexcmds Info: \pdfdraftmode found.
\pdftexcmds@toks=\toks27
))
\l__siunitx_table_tmp_box=\box60
\l__siunitx_table_tmp_dim=\dimen171
\l__siunitx_table_column_width_dim=\dimen172
\l__siunitx_table_integer_box=\box61
\l__siunitx_table_decimal_box=\box62
\l__siunitx_table_uncert_box=\box63
\l__siunitx_table_before_box=\box64
\l__siunitx_table_after_box=\box65
\l__siunitx_table_before_dim=\dimen173
\l__siunitx_table_carry_dim=\dimen174
\l__siunitx_unit_tmp_int=\count320
\l__siunitx_unit_position_int=\count321
\l__siunitx_unit_total_int=\count322

(/usr/local/texlive/2025/texmf-dist/tex/latex/tools/array.sty
Package: array 2025/09/25 v2.6n Tabular extension package (FMi)
\col@sep=\dimen175
\ar@mcellbox=\box66
\extrarowheight=\dimen176
\NC@list=\toks28
\extratabsurround=\skip52
\backup@length=\skip53
\ar@cellbox=\box67
))
(/usr/local/texlive/2025/texmf-dist/tex/latex/pgf/frontendlayer/tikz.sty
(/usr/local/texlive/2025/texmf-dist/tex/latex/pgf/basiclayer/pgf.sty
(/usr/local/texlive/2025/texmf-dist/tex/latex/pgf/utilities/pgfrcs.sty
(/usr/local/texlive/2025/texmf-dist/tex/generic/pgf/utilities/pgfutil-common.te
x
\pgfutil@everybye=\toks29
\pgfutil@tempdima=\dimen177
\pgfutil@tempdimb=\dimen178
)
(/usr/local/texlive/2025/texmf-dist/tex/generic/pgf/utilities/pgfutil-latex.def
\pgfutil@abb=\box68
) (/usr/local/texlive/2025/texmf-dist/tex/generic/pgf/utilities/pgfrcs.code.tex
(/usr/local/texlive/2025/texmf-dist/tex/generic/pgf/pgf.revision.tex)
Package: pgfrcs 2025-08-29 v3.1.11a (3.1.11a)
))
Package: pgf 2025-08-29 v3.1.11a (3.1.11a)

(/usr/local/texlive/2025/texmf-dist/tex/latex/pgf/basiclayer/pgfcore.sty
(/usr/local/texlive/2025/texmf-dist/tex/latex/pgf/systemlayer/pgfsys.sty
(/usr/local/texlive/2025/texmf-dist/tex/generic/pgf/systemlayer/pgfsys.code.tex
Package: pgfsys 2025-08-29 v3.1.11a (3.1.11a)
(/usr/local/texlive/2025/texmf-dist/tex/generic/pgf/utilities/pgfkeys.code.tex
\pgfkeys@pathtoks=\toks30
\pgfkeys@temptoks=\toks31

(/usr/local/texlive/2025/texmf-dist/tex/generic/pgf/utilities/pgfkeyslibraryfil
tered.code.tex
\pgfkeys@tmptoks=\toks32
))
\pgf@x=\dimen179
\pgf@y=\dimen180
\pgf@xa=\dimen181
\pgf@ya=\dimen182
\pgf@xb=\dimen183
\pgf@yb=\dimen184
\pgf@xc=\dimen185
\pgf@yc=\dimen186
\pgf@xd=\dimen187
\pgf@yd=\dimen188
\w@pgf@writea=\write3
\r@pgf@reada=\read3
\c@pgf@counta=\count323
\c@pgf@countb=\count324
\c@pgf@countc=\count325
\c@pgf@countd=\count326
\t@pgf@toka=\toks33
\t@pgf@tokb=\toks34
\t@pgf@tokc=\toks35
\pgf@sys@id@count=\count327

(/usr/local/texlive/2025/texmf-dist/tex/generic/pgf/systemlayer/pgf.cfg
File: pgf.cfg 2025-08-29 v3.1.11a (3.1.11a)
)
Driver file for pgf: pgfsys-luatex.def

(/usr/local/texlive/2025/texmf-dist/tex/generic/pgf/systemlayer/pgfsys-luatex.d
ef
File: pgfsys-luatex.def 2025-08-29 v3.1.11a (3.1.11a)

(/usr/local/texlive/2025/texmf-dist/tex/generic/pgf/systemlayer/pgfsys-common-p
df.def
File: pgfsys-common-pdf.def 2025-08-29 v3.1.11a (3.1.11a)
)))
(/usr/local/texlive/2025/texmf-dist/tex/generic/pgf/systemlayer/pgfsyssoftpath.
code.tex
File: pgfsyssoftpath.code.tex 2025-08-29 v3.1.11a (3.1.11a)
\pgfsyssoftpath@smallbuffer@items=\count328
\pgfsyssoftpath@bigbuffer@items=\count329
)
(/usr/local/texlive/2025/texmf-dist/tex/generic/pgf/systemlayer/pgfsysprotocol.
code.tex
File: pgfsysprotocol.code.tex 2025-08-29 v3.1.11a (3.1.11a)
)) (/usr/local/texlive/2025/texmf-dist/tex/latex/xcolor/xcolor.sty
Package: xcolor 2024/09/29 v3.02 LaTeX color extensions (UK)

(/usr/local/texlive/2025/texmf-dist/tex/latex/graphics-cfg/color.cfg
File: color.cfg 2016/01/02 v1.6 sample color configuration
)
Package xcolor Info: Driver file: luatex.def on input line 274.

(/usr/local/texlive/2025/texmf-dist/tex/latex/graphics/mathcolor.ltx)
Package xcolor Info: Model `cmy' substituted by `cmy0' on input line 1349.
Package xcolor Info: Model `hsb' substituted by `rgb' on input line 1353.
Package xcolor Info: Model `RGB' extended on input line 1365.
Package xcolor Info: Model `HTML' substituted by `rgb' on input line 1367.
Package xcolor Info: Model `Hsb' substituted by `hsb' on input line 1368.
Package xcolor Info: Model `tHsb' substituted by `hsb' on input line 1369.
Package xcolor Info: Model `HSB' substituted by `hsb' on input line 1370.
Package xcolor Info: Model `Gray' substituted by `gray' on input line 1371.
Package xcolor Info: Model `wave' substituted by `hsb' on input line 1372.
)
(/usr/local/texlive/2025/texmf-dist/tex/generic/pgf/basiclayer/pgfcore.code.tex
Package: pgfcore 2025-08-29 v3.1.11a (3.1.11a)
(/usr/local/texlive/2025/texmf-dist/tex/generic/pgf/math/pgfmath.code.tex
(/usr/local/texlive/2025/texmf-dist/tex/generic/pgf/math/pgfmathutil.code.tex)
(/usr/local/texlive/2025/texmf-dist/tex/generic/pgf/math/pgfmathparser.code.tex
\pgfmath@dimen=\dimen189
\pgfmath@count=\count330
\pgfmath@box=\box69
\pgfmath@toks=\toks36
\pgfmath@stack@operand=\toks37
\pgfmath@stack@operation=\toks38
)
(/usr/local/texlive/2025/texmf-dist/tex/generic/pgf/math/pgfmathfunctions.code.
tex)
(/usr/local/texlive/2025/texmf-dist/tex/generic/pgf/math/pgfmathfunctions.basic
.code.tex)
(/usr/local/texlive/2025/texmf-dist/tex/generic/pgf/math/pgfmathfunctions.trigo
nometric.code.tex)
(/usr/local/texlive/2025/texmf-dist/tex/generic/pgf/math/pgfmathfunctions.rando
m.code.tex)
(/usr/local/texlive/2025/texmf-dist/tex/generic/pgf/math/pgfmathfunctions.compa
rison.code.tex)
(/usr/local/texlive/2025/texmf-dist/tex/generic/pgf/math/pgfmathfunctions.base.
code.tex)
(/usr/local/texlive/2025/texmf-dist/tex/generic/pgf/math/pgfmathfunctions.round
.code.tex)
(/usr/local/texlive/2025/texmf-dist/tex/generic/pgf/math/pgfmathfunctions.misc.
code.tex)
(/usr/local/texlive/2025/texmf-dist/tex/generic/pgf/math/pgfmathfunctions.integ
erarithmetics.code.tex)
(/usr/local/texlive/2025/texmf-dist/tex/generic/pgf/math/pgfmathcalc.code.tex)
(/usr/local/texlive/2025/texmf-dist/tex/generic/pgf/math/pgfmathfloat.code.tex
\c@pgfmathroundto@lastzeros=\count331
)) (/usr/local/texlive/2025/texmf-dist/tex/generic/pgf/math/pgfint.code.tex)
(/usr/local/texlive/2025/texmf-dist/tex/generic/pgf/basiclayer/pgfcorepoints.co
de.tex
File: pgfcorepoints.code.tex 2025-08-29 v3.1.11a (3.1.11a)
\pgf@picminx=\dimen190
\pgf@picmaxx=\dimen191
\pgf@picminy=\dimen192
\pgf@picmaxy=\dimen193
\pgf@pathminx=\dimen194
\pgf@pathmaxx=\dimen195
\pgf@pathminy=\dimen196
\pgf@pathmaxy=\dimen197
\pgf@xx=\dimen198
\pgf@xy=\dimen199
\pgf@yx=\dimen256
\pgf@yy=\dimen257
\pgf@zx=\dimen258
\pgf@zy=\dimen259
)
(/usr/local/texlive/2025/texmf-dist/tex/generic/pgf/basiclayer/pgfcorepathconst
ruct.code.tex
File: pgfcorepathconstruct.code.tex 2025-08-29 v3.1.11a (3.1.11a)
\pgf@path@lastx=\dimen260
\pgf@path@lasty=\dimen261
)
(/usr/local/texlive/2025/texmf-dist/tex/generic/pgf/basiclayer/pgfcorepathusage
.code.tex
File: pgfcorepathusage.code.tex 2025-08-29 v3.1.11a (3.1.11a)
\pgf@shorten@end@additional=\dimen262
\pgf@shorten@start@additional=\dimen263
)
(/usr/local/texlive/2025/texmf-dist/tex/generic/pgf/basiclayer/pgfcorescopes.co
de.tex
File: pgfcorescopes.code.tex 2025-08-29 v3.1.11a (3.1.11a)
\pgfpic=\box70
\pgf@hbox=\box71
\pgf@layerbox@main=\box72
\pgf@picture@serial@count=\count332
)
(/usr/local/texlive/2025/texmf-dist/tex/generic/pgf/basiclayer/pgfcoregraphicst
ate.code.tex
File: pgfcoregraphicstate.code.tex 2025-08-29 v3.1.11a (3.1.11a)
\pgflinewidth=\dimen264
)
(/usr/local/texlive/2025/texmf-dist/tex/generic/pgf/basiclayer/pgfcoretransform
ations.code.tex
File: pgfcoretransformations.code.tex 2025-08-29 v3.1.11a (3.1.11a)
\pgf@pt@x=\dimen265
\pgf@pt@y=\dimen266
\pgf@pt@temp=\dimen267
)
(/usr/local/texlive/2025/texmf-dist/tex/generic/pgf/basiclayer/pgfcorequick.cod
e.tex
File: pgfcorequick.code.tex 2025-08-29 v3.1.11a (3.1.11a)
)
(/usr/local/texlive/2025/texmf-dist/tex/generic/pgf/basiclayer/pgfcoreobjects.c
ode.tex
File: pgfcoreobjects.code.tex 2025-08-29 v3.1.11a (3.1.11a)
)
(/usr/local/texlive/2025/texmf-dist/tex/generic/pgf/basiclayer/pgfcorepathproce
ssing.code.tex
File: pgfcorepathprocessing.code.tex 2025-08-29 v3.1.11a (3.1.11a)
)
(/usr/local/texlive/2025/texmf-dist/tex/generic/pgf/basiclayer/pgfcorearrows.co
de.tex
File: pgfcorearrows.code.tex 2025-08-29 v3.1.11a (3.1.11a)
\pgfarrowsep=\dimen268
)
(/usr/local/texlive/2025/texmf-dist/tex/generic/pgf/basiclayer/pgfcoreshade.cod
e.tex
File: pgfcoreshade.code.tex 2025-08-29 v3.1.11a (3.1.11a)
\pgf@max=\dimen269
\pgf@sys@shading@range@num=\count333
\pgf@shadingcount=\count334
)
(/usr/local/texlive/2025/texmf-dist/tex/generic/pgf/basiclayer/pgfcoreimage.cod
e.tex
File: pgfcoreimage.code.tex 2025-08-29 v3.1.11a (3.1.11a)
)
(/usr/local/texlive/2025/texmf-dist/tex/generic/pgf/basiclayer/pgfcoreexternal.
code.tex
File: pgfcoreexternal.code.tex 2025-08-29 v3.1.11a (3.1.11a)
\pgfexternal@startupbox=\box73
)
(/usr/local/texlive/2025/texmf-dist/tex/generic/pgf/basiclayer/pgfcorelayers.co
de.tex
File: pgfcorelayers.code.tex 2025-08-29 v3.1.11a (3.1.11a)
)
(/usr/local/texlive/2025/texmf-dist/tex/generic/pgf/basiclayer/pgfcoretranspare
ncy.code.tex
File: pgfcoretransparency.code.tex 2025-08-29 v3.1.11a (3.1.11a)
)
(/usr/local/texlive/2025/texmf-dist/tex/generic/pgf/basiclayer/pgfcorepatterns.
code.tex
File: pgfcorepatterns.code.tex 2025-08-29 v3.1.11a (3.1.11a)
)
(/usr/local/texlive/2025/texmf-dist/tex/generic/pgf/basiclayer/pgfcorerdf.code.
tex
File: pgfcorerdf.code.tex 2025-08-29 v3.1.11a (3.1.11a)
)))
(/usr/local/texlive/2025/texmf-dist/tex/generic/pgf/modules/pgfmoduleshapes.cod
e.tex
File: pgfmoduleshapes.code.tex 2025-08-29 v3.1.11a (3.1.11a)
\pgfnodeparttextbox=\box74
)
(/usr/local/texlive/2025/texmf-dist/tex/generic/pgf/modules/pgfmoduleplot.code.
tex
File: pgfmoduleplot.code.tex 2025-08-29 v3.1.11a (3.1.11a)
)
(/usr/local/texlive/2025/texmf-dist/tex/latex/pgf/compatibility/pgfcomp-version
-0-65.sty
Package: pgfcomp-version-0-65 2025-08-29 v3.1.11a (3.1.11a)
\pgf@nodesepstart=\dimen270
\pgf@nodesepend=\dimen271
)
(/usr/local/texlive/2025/texmf-dist/tex/latex/pgf/compatibility/pgfcomp-version
-1-18.sty
Package: pgfcomp-version-1-18 2025-08-29 v3.1.11a (3.1.11a)
))
(/usr/local/texlive/2025/texmf-dist/tex/latex/pgf/utilities/pgffor.sty
(/usr/local/texlive/2025/texmf-dist/tex/latex/pgf/utilities/pgfkeys.sty
(/usr/local/texlive/2025/texmf-dist/tex/generic/pgf/utilities/pgfkeys.code.tex))
 (/usr/local/texlive/2025/texmf-dist/tex/latex/pgf/math/pgfmath.sty
(/usr/local/texlive/2025/texmf-dist/tex/generic/pgf/math/pgfmath.code.tex))
(/usr/local/texlive/2025/texmf-dist/tex/generic/pgf/utilities/pgffor.code.tex
Package: pgffor 2025-08-29 v3.1.11a (3.1.11a)
\pgffor@iter=\dimen272
\pgffor@skip=\dimen273
\pgffor@stack=\toks39
\pgffor@toks=\toks40
))
(/usr/local/texlive/2025/texmf-dist/tex/generic/pgf/frontendlayer/tikz/tikz.cod
e.tex
Package: tikz 2025-08-29 v3.1.11a (3.1.11a)

(/usr/local/texlive/2025/texmf-dist/tex/generic/pgf/libraries/pgflibraryplothan
dlers.code.tex
File: pgflibraryplothandlers.code.tex 2025-08-29 v3.1.11a (3.1.11a)
\pgf@plot@mark@count=\count335
\pgfplotmarksize=\dimen274
)
\tikz@lastx=\dimen275
\tikz@lasty=\dimen276
\tikz@lastxsaved=\dimen277
\tikz@lastysaved=\dimen278
\tikz@lastmovetox=\dimen279
\tikz@lastmovetoy=\dimen280
\tikzleveldistance=\dimen281
\tikzsiblingdistance=\dimen282
\tikz@figbox=\box75
\tikz@figbox@bg=\box76
\tikz@tempbox=\box77
\tikz@tempbox@bg=\box78
\tikztreelevel=\count336
\tikznumberofchildren=\count337
\tikznumberofcurrentchild=\count338
\tikz@fig@count=\count339

(/usr/local/texlive/2025/texmf-dist/tex/generic/pgf/modules/pgfmodulematrix.cod
e.tex
File: pgfmodulematrix.code.tex 2025-08-29 v3.1.11a (3.1.11a)
\pgfmatrixcurrentrow=\count340
\pgfmatrixcurrentcolumn=\count341
\pgf@matrix@numberofcolumns=\count342
)
\tikz@expandcount=\count343

(/usr/local/texlive/2025/texmf-dist/tex/generic/pgf/frontendlayer/tikz/librarie
s/tikzlibrarytopaths.code.tex
File: tikzlibrarytopaths.code.tex 2025-08-29 v3.1.11a (3.1.11a)
)))
(/usr/local/texlive/2025/texmf-dist/tex/generic/pgf/frontendlayer/tikz/librarie
s/tikzlibrarycalc.code.tex
File: tikzlibrarycalc.code.tex 2025-08-29 v3.1.11a (3.1.11a)
)
Inserting `custom_math_constants' in `mathfont.add_math_constants'.
luaotfload | cache : Lookup cache loaded from /home/lunog/.texlive2025/texmf-var
/luatex-cache/generic/names/luaotfload-lookup-cache.luc.
Package mathfont Info: Adjusting font Times New Roman.
Package mathfont Info: Adjusting font Times New Roman.
Package mathfont Info: Adjusting font Times New Roman.
Package mathfont Info: Adjusting font Times New Roman Bold Italic.
Package mathfont Info: Adjusting font Times New Roman Bold.
Package mathfont Info: Adjusting font Times New Roman Italic.
Package mathfont Info: Adjusting font Times New Roman Bold.
Package mathfont Info: Adjusting font Times New Roman Italic.
Package mathfont Info: Adjusting font Times New Roman Bold Italic.

Package fontspec Info: 
(fontspec)             Font family 'TimesNewRoman(0)' created for font 'Times
(fontspec)             New Roman' with options [Ligatures=TeX].
(fontspec)              
(fontspec)              This font family consists of the following NFSS
(fontspec)             series/shapes:
(fontspec)              
(fontspec)             - 'normal' (m/n) with NFSS spec.: <->"name:Times New
(fontspec)             Roman:mode=node;language=dflt;+tlig;"
(fontspec)             - 'bold' (b/n) with NFSS spec.: <->"name:Times New
(fontspec)             Roman/B:mode=node;language=dflt;+tlig;"
(fontspec)             - 'italic' (m/it) with NFSS spec.: <->"name:Times New
(fontspec)             Roman/I:mode=node;language=dflt;+tlig;"
(fontspec)             - 'bold italic' (b/it) with NFSS spec.: <->"name:Times
(fontspec)             New Roman/BI:mode=node;language=dflt;+tlig;"

Package mathfont Info: Adjusting font Times New Roman.
Package mathfont Info: 
Passing Times New Roman to fontspec for handling!

Package fontspec Info: 
(fontspec)             Script 'Latin' not explicitly supported within font
(fontspec)             'Times New Roman'. Check the typeset output, and if it
(fontspec)             is okay then ignore this warning. Otherwise a different
(fontspec)             font should be chosen.

Package mathfont Info: Adjusting font Times New Roman.
Package mathfont Info: Adjusting font Times New Roman Bold Italic.
Package mathfont Info: Adjusting font Times New Roman Bold.
Package mathfont Info: Adjusting font Times New Roman Italic.
Package mathfont Info: Adjusting font Times New Roman.
Package mathfont Info: Adjusting font Times New Roman Bold.
Package mathfont Info: Adjusting font Times New Roman Italic.
Package mathfont Info: Adjusting font Times New Roman Bold Italic.

Package fontspec Info: 
(fontspec)             Font family 'TimesNewRoman(1)' created for font 'Times
(fontspec)             New Roman' with options
(fontspec)             [Script=Latin,Language=Default,Ligatures={TeX,Common},Nu
mbers=Lining].
(fontspec)              
(fontspec)              This font family consists of the following NFSS
(fontspec)             series/shapes:
(fontspec)              
(fontspec)             - 'normal' (m/n) with NFSS spec.: <->"name:Times New
(fontspec)             Roman:mode=node;script=latn;language=dflt;+tlig;+liga;+l
num;"
(fontspec)             - 'bold' (b/n) with NFSS spec.: <->"name:Times New
(fontspec)             Roman/B:mode=node;script=latn;language=dflt;+tlig;+liga;
+lnum;"
(fontspec)             - 'italic' (m/it) with NFSS spec.: <->"name:Times New
(fontspec)             Roman/I:mode=node;script=latn;language=dflt;+tlig;+liga;
+lnum;"
(fontspec)             - 'bold italic' (b/it) with NFSS spec.: <->"name:Times
(fontspec)             New
(fontspec)             Roman/BI:mode=node;script=latn;language=dflt;+tlig;+liga
;+lnum;"

Package mathfont Info: Passing Times New Roman with Renderer=Base to fontspec f
or handling!
Package mathfont Info: Adjusting font Times New Roman-2.
Package mathfont Info: Adjusting font Times New Roman-2.

Package fontspec Info: 
(fontspec)             Script 'Latin' not explicitly supported within font
(fontspec)             'Times New Roman'. Check the typeset output, and if it
(fontspec)             is okay then ignore this warning. Otherwise a different
(fontspec)             font should be chosen.

Package mathfont Info: Adjusting font Times New Roman-2.
Package mathfont Info: Adjusting font Times New Roman Bold Italic-2.
Package mathfont Info: Adjusting font Times New Roman Bold-2.
Package mathfont Info: Adjusting font Times New Roman Italic-2.
Package mathfont Info: Adjusting font Times New Roman-2.
Package mathfont Info: Adjusting font Times New Roman Bold-2.
Package mathfont Info: Adjusting font Times New Roman Italic-2.
Package mathfont Info: Adjusting font Times New Roman Bold Italic-2.

Package fontspec Info: 
(fontspec)             Font family 'TimesNewRoman(2)' created for font 'Times
(fontspec)             New Roman' with options
(fontspec)             [Script=Latin,Language=Default,Ligatures={TeX,Common},Nu
mbers=Lining,Renderer=Base].
(fontspec)              
(fontspec)              This font family consists of the following NFSS
(fontspec)             series/shapes:
(fontspec)              
(fontspec)             - 'normal' (m/n) with NFSS spec.: <->"name:Times New
(fontspec)             Roman:mode=base;script=latn;language=dflt;+tlig;+liga;+l
num;"
(fontspec)             - 'bold' (b/n) with NFSS spec.: <->"name:Times New
(fontspec)             Roman/B:mode=base;script=latn;language=dflt;+tlig;+liga;
+lnum;"
(fontspec)             - 'italic' (m/it) with NFSS spec.: <->"name:Times New
(fontspec)             Roman/I:mode=base;script=latn;language=dflt;+tlig;+liga;
+lnum;"
(fontspec)             - 'bold italic' (b/it) with NFSS spec.: <->"name:Times
(fontspec)             New
(fontspec)             Roman/BI:mode=base;script=latn;language=dflt;+tlig;+liga
;+lnum;"


Package mathfont Info: Declaring new symbol font from Times New Roman!
NFSS Family Name:  TimesNewRoman(2)
Series/Shape Info: m/it
Symbol Font Name:  Mitalic0

\symMitalic0=\mathgroup4
Package mathfont Info: Setting upper chars to Times New Roman!
Package mathfont Info: Setting lower chars to Times New Roman!
LaTeX Font Info:    Redeclaring math symbol \imath on input line 35.
LaTeX Font Info:    Redeclaring math symbol \jmath on input line 35.
LaTeX Font Info:    Redeclaring math symbol \hbar on input line 35.

Package mathfont Info: Declaring new symbol font from Times New Roman!
NFSS Family Name:  TimesNewRoman(2)
Series/Shape Info: m/n
Symbol Font Name:  Mupright0

\symMupright0=\mathgroup5
Package mathfont Info: Setting digits chars to Times New Roman!


:: mathfont :: Using font Times New Roman on line 35.
Character classes changed:
upper (italic)
lower (italic)
digits (upright)
\c@firstContentPageIndex=\count344
\customfontsize=\skip54
LaTeX Info: Redefining \title on input line 95.
LaTeX Info: Redefining \year on input line 98.
\c@chapter=\count345
\c@section=\count346
\c@subsection=\count347
\c@a@figure=\count348
\c@a@table=\count349
\c@bibitem=\count350
) (/usr/local/texlive/2025/texmf-dist/tex/latex/colortbl/colortbl.sty
Package: colortbl 2024/10/29 v1.0k Color table columns (DPC)
\everycr=\toks41
\minrowclearance=\skip55
\rownum=\count351
)
(/usr/local/texlive/2025/texmf-dist/tex/latex/amsfonts/amssymb.sty
Package: amssymb 2013/01/14 v3.01 AMS font symbols

(/usr/local/texlive/2025/texmf-dist/tex/latex/amsfonts/amsfonts.sty
Package: amsfonts 2013/01/14 v3.01 Basic AMSFonts support
\symAMSa=\mathgroup6
\symAMSb=\mathgroup7
LaTeX Font Info:    Overwriting math alphabet `\mathfrak' in version `bold'
(Font)                  U/euf/m/n --> U/euf/b/n on input line 106.
))
(/usr/local/texlive/2025/texmf-dist/tex/generic/pgf/frontendlayer/tikz/librarie
s/tikzlibrarypositioning.code.tex
File: tikzlibrarypositioning.code.tex 2025-08-29 v3.1.11a (3.1.11a)
)
Package translations Info: No language package found. I am going to use `englis
h' as default language. on input line 24.
 (./main.aux)
\openout1 = main.aux

LaTeX Font Info:    Checking defaults for OML/cmm/m/it on input line 24.
LaTeX Font Info:    ... okay on input line 24.
LaTeX Font Info:    Checking defaults for OMS/cmsy/m/n on input line 24.
LaTeX Font Info:    ... okay on input line 24.
LaTeX Font Info:    Checking defaults for OT1/cmr/m/n on input line 24.
LaTeX Font Info:    ... okay on input line 24.
LaTeX Font Info:    Checking defaults for T1/cmr/m/n on input line 24.
LaTeX Font Info:    ... okay on input line 24.
LaTeX Font Info:    Checking defaults for TS1/cmr/m/n on input line 24.
LaTeX Font Info:    ... okay on input line 24.
LaTeX Font Info:    Checking defaults for TU/lmr/m/n on input line 24.
LaTeX Font Info:    ... okay on input line 24.
LaTeX Font Info:    Checking defaults for OMX/cmex/m/n on input line 24.
LaTeX Font Info:    ... okay on input line 24.
LaTeX Font Info:    Checking defaults for U/cmr/m/n on input line 24.
LaTeX Font Info:    ... okay on input line 24.

*geometry* driver: auto-detecting
*geometry* detected driver: luatex
*geometry* verbose mode - [ preamble ] result:
* driver: luatex
* paper: a4paper
* layout: <same size as paper>
* layoutoffset:(h,v)=(0.0pt,0.0pt)
* modes: includefoot 
* h-part:(L,W,R)=(85.35826pt, 455.24411pt, 56.9055pt)
* v-part:(T,H,B)=(71.13188pt, 717.00946pt, 56.9055pt)
* \paperwidth=597.50787pt
* \paperheight=845.04684pt
* \textwidth=455.24411pt
* \textheight=688.55672pt
* \oddsidemargin=13.08827pt
* \evensidemargin=13.08827pt
* \topmargin=-49.23822pt
* \headheight=15.60004pt
* \headsep=32.50008pt
* \topskip=13.00003pt
* \footskip=28.45274pt
* \marginparwidth=0.0pt
* \marginparsep=0.0pt
* \columnsep=0.0pt
* \skip\footins=12.0pt plus 4.0pt minus 4.0pt
* \hoffset=0.0pt
* \voffset=0.0pt
* \mag=1000
* \@twocolumnfalse
* \@twosidefalse
* \@mparswitchfalse
* \@reversemarginfalse
* (1in=72.27pt=25.4mm, 1cm=28.453pt)

(/usr/local/texlive/2025/texmf-dist/tex/context/base/mkii/supp-pdf.mkii
[Loading MPS to PDF converter (version 2006.09.02).]
\scratchcounter=\count352
\scratchdimen=\dimen283
\scratchbox=\box79
\nofMPsegments=\count353
\nofMParguments=\count354
\everyMPshowfont=\toks42
\MPscratchCnt=\count355
\MPscratchDim=\dimen284
\MPnumerator=\count356
\makeMPintoPDFobject=\count357
\everyMPtoPDFconversion=\toks43
) (/usr/local/texlive/2025/texmf-dist/tex/latex/epstopdf-pkg/epstopdf-base.sty
Package: epstopdf-base 2020-01-24 v2.11 Base part for package epstopdf
Package epstopdf-base Info: Redefining graphics rule for `.eps' on input line 4
85.

(/usr/local/texlive/2025/texmf-dist/tex/latex/latexconfig/epstopdf-sys.cfg
File: epstopdf-sys.cfg 2010/07/13 v1.3 Configuration of (r)epstopdf for TeX Liv
e
))
Package mathfont Info: Restoring \Umathcode values for \mathbb.
Package mathfont Info: Restoring \Umathcode values for \mathcal.
Package mathfont Info: Restoring \Umathcode values for \mathfrak.

********************************************
* Changes made by mathfont in the preamble *
********************************************

Fonts for character classes:
upper               Set to Times New Roman, italic shape
lower               Set to Times New Roman, italic shape
diacritics          No change
greekupper          No change
greeklower          No change
agreekupper         No change
agreeklower         No change
cyrillicupper       No change
cyrilliclower       No change
hebrew              No change
digits              Set to Times New Roman, upright shape
operator            No change
delimiters          No change
radical             No change
bigops              No change
extbigops           No change
symbols             No change
extsymbols          No change
arrows              No change
bb                  No change
cal                 No change
frak                No change
bcal                No change
bfrak               No change

Local font-change commands:
No local font change commands declared.


(/usr/local/texlive/2025/texmf-dist/tex/latex/translations/translations-basic-d
ictionary-english.trsl
File: translations-basic-dictionary-english.trsl (english translation file `tra
nslations-basic-dictionary')
)
Package translations Info: loading dictionary `translations-basic-dictionary' f
or `english'. on input line 24.
Package mathfont Info: Adjusting font Times New Roman.
Package mathfont Info: Adjusting font Times New Roman Bold.
<UET logo.pdf, id=4, 142.26378pt x 142.26378pt>
File: UET logo.pdf Graphic file (type pdf)
<use UET logo.pdf>
Package luatex.def Info: UET logo.pdf  used on input line 32.
(luatex.def)             Requested size: 85.35892pt x 85.35892pt.
Package mathfont Info: Adjusting font Times New Roman.
Package mathfont Info: Adjusting font Times New Roman Bold.
Package mathfont Info: Adjusting font Times New Roman.
Package mathfont Info: Adjusting font Times New Roman Bold. [1{/usr/local/texliv
e/2025/texmf-var/fonts/map/pdftex/updmap/pdftex.map}<./UET logo.pdf>] [2

]
Package mathfont Info: Adjusting font Times New Roman Bold.
Package mathfont Info: Adjusting font Times New Roman Italic.
Package mathfont Info: Adjusting font Times New Roman Bold Italic. [3


]
Package mathfont Info: Adjusting font Times New Roman Italic-3.
Package mathfont Info: Adjusting font Times New Roman Italic-3.
Package mathfont Info: Adjusting font Times New Roman Italic-3.
Package mathfont Info: Adjusting font Times New Roman-3.
Package mathfont Info: Adjusting font Times New Roman-3.
Package mathfont Info: Adjusting font Times New Roman-3.
LaTeX Font Info:    Trying to load font information for U+msa on input line 64.


(/usr/local/texlive/2025/texmf-dist/tex/latex/amsfonts/umsa.fd
File: umsa.fd 2013/01/14 v3.01 AMS symbols A
)
LaTeX Font Info:    Trying to load font information for U+msb on input line 64.


(/usr/local/texlive/2025/texmf-dist/tex/latex/amsfonts/umsb.fd
File: umsb.fd 2013/01/14 v3.01 AMS symbols B
) [4

] [5

]
Package mathfont Info: Adjusting font Times New Roman.
Package mathfont Info: Adjusting font Times New Roman Bold.
(./main.toc
LaTeX Font Info:    Calculating math sizes for size <13.00003> on input line 1.



LaTeX Font Warning: Font shape `OT1/cmr/m/n' in size <13.00003> not available
(Font)              size <12> substituted on input line 1.


LaTeX Font Warning: Font shape `OT1/cmr/m/n' in size <6.50002> not available
(Font)              size <7> substituted on input line 1.


LaTeX Font Warning: Font shape `OML/cmm/m/it' in size <13.00003> not available
(Font)              size <12> substituted on input line 1.


LaTeX Font Warning: Font shape `OML/cmm/m/it' in size <6.50002> not available
(Font)              size <7> substituted on input line 1.


LaTeX Font Warning: Font shape `OMS/cmsy/m/n' in size <13.00003> not available
(Font)              size <12> substituted on input line 1.


LaTeX Font Warning: Font shape `OMS/cmsy/m/n' in size <6.50002> not available
(Font)              size <7> substituted on input line 1.

Package mathfont Info: Adjusting font Times New Roman Italic-3.
Package mathfont Info: Adjusting font Times New Roman Italic-3.
Package mathfont Info: Adjusting font Times New Roman Italic-3.
Package mathfont Info: Adjusting font Times New Roman-3.
Package mathfont Info: Adjusting font Times New Roman-3.
Package mathfont Info: Adjusting font Times New Roman-3. [6

])
\tf@toc=\write4

\openout4 = main.toc
 [7] (./main.lof [8

])
\tf@lof=\write5

\openout5 = main.lof
 [9] (./main.lot)
\tf@lot=\write6

\openout6 = main.lot
 [10

] [11

]
Package mathfont Info: Adjusting font Times New Roman.
Package mathfont Info: Adjusting font Times New Roman Bold.
<hinh1-1.png, id=45, 730.22812pt x 410.2828pt>
File: hinh1-1.png Graphic file (type png)
<use hinh1-1.png>
Package luatex.def Info: hinh1-1.png  used on input line 112.
(luatex.def)             Requested size: 273.14923pt x 153.46753pt.
Package mathfont Info: Adjusting font Times New Roman.
<hinh1-2.png, id=46, 1828.8325pt x 868.24374pt>
File: hinh1-2.png Graphic file (type png)
<use hinh1-2.png>
Package luatex.def Info: hinh1-2.png  used on input line 119.
(luatex.def)             Requested size: 341.43307pt x 162.09314pt.
 [1



<./hinh1-1.png>]
Package mathfont Info: Adjusting font Times New Roman Bold.
Underfull \hbox (badness 10000) in paragraph at lines 126--126
[]|\TU/TimesNewRoman(0)/m/n/13.00003 Light show Drone L3
 []

[2<./hinh1-2.png>]
<hinh1-3.jpg, id=53, 309.155pt x 793.96625pt>
File: hinh1-3.jpg Graphic file (type jpg)
<use hinh1-3.jpg>
Package luatex.def Info: hinh1-3.jpg  used on input line 150.
(luatex.def)             Requested size: 136.57462pt x 350.76367pt.
 [3]
<hinh1-4.png, id=57, 633.36626pt x 506.89375pt>
File: hinh1-4.png Graphic file (type png)
<use hinh1-4.png>
Package luatex.def Info: hinh1-4.png  used on input line 156.
(luatex.def)             Requested size: 273.14923pt x 218.60977pt.
 [4<./hinh1-3.jpg><./hinh1-4.png>]
<hinh1-5.jpg, id=62, 820.06375pt x 705.63625pt>
File: hinh1-5.jpg Graphic file (type jpg)
<use hinh1-5.jpg>
Package luatex.def Info: hinh1-5.jpg  used on input line 169.
(luatex.def)             Requested size: 364.19667pt x 313.38803pt.
<hinh1-6.jpg, id=63, 952.55875pt x 533.995pt>
File: hinh1-6.jpg Graphic file (type jpg)
<use hinh1-6.jpg>
Package luatex.def Info: hinh1-6.jpg  used on input line 178.
(luatex.def)             Requested size: 364.19667pt x 204.16687pt.
 [5<./hinh1-5.jpg>]
[6<./hinh1-6.jpg>]
<hinh1-7.jpg, id=70, 1254.6875pt x 597.23125pt>
File: hinh1-7.jpg Graphic file (type jpg)
<use hinh1-7.jpg>
Package luatex.def Info: hinh1-7.jpg  used on input line 200.
(luatex.def)             Requested size: 364.19667pt x 173.35666pt.
 [7<./hinh1-7.jpg>]
Package mathfont Info: Adjusting font Times New Roman.
Package mathfont Info: Adjusting font Times New Roman Bold.
Package mathfont Info: Adjusting font Times New Roman.
Package mathfont Info: Adjusting font Times New Roman Bold.
Package mathfont Info: Adjusting font Times New Roman.
Package mathfont Info: Adjusting font Times New Roman Bold. [8

]
Underfull \hbox (badness 10000) in paragraph at lines 248--253

 []


Underfull \hbox (badness 10000) in paragraph at lines 254--255

 []

[9] [10] [11] [12] [13] [14]
<hinh2-1.png, id=105, 531.9875pt x 399.4925pt>
File: hinh2-1.png Graphic file (type png)
<use hinh2-1.png>
Package luatex.def Info: hinh2-1.png  used on input line 458.
(luatex.def)             Requested size: 250.38564pt x 188.0236pt.
 [15<./hinh2-1.png>] [16]
<hinh2-2.png, id=114, 1332.6588pt x 708.9687pt>
File: hinh2-2.png Graphic file (type png)
<use hinh2-2.png>
Package luatex.def Info: hinh2-2.png  used on input line 530.
(luatex.def)             Requested size: 364.19667pt x 193.74997pt.
<hinh2-3.png, id=115, 1332.6588pt x 708.9687pt>
File: hinh2-3.png Graphic file (type png)
<use hinh2-3.png>
Package luatex.def Info: hinh2-3.png  used on input line 535.
(luatex.def)             Requested size: 364.19667pt x 193.74997pt.
<hinh2-4.png, id=116, 556.0775pt x 299.1175pt>
File: hinh2-4.png Graphic file (type png)
<use hinh2-4.png>
Package luatex.def Info: hinh2-4.png  used on input line 546.
(luatex.def)             Requested size: 364.19667pt x 195.90741pt.
 [17<./hinh2-2.png><./hinh2-3.png>] [18<./hinh2-4.png>]
Missing character: There is no đ (U+0111) in font cmmi9!
Missing character: There is no 󿀌 (U+FF00C) in font cmr9!
Missing character: There is no 󿀌 (U+FF00C) in font cmr9!
Missing character: There is no 󿀈 (U+FF008) in font cmr9!
Missing character: There is no 󿀈 (U+FF008) in font cmr9!
Missing character: There is no 󿀍 (U+FF00D) in font cmr9!
[19]
<hinh2-5.jpg, id=129, 1312.905pt x 1444.39626pt>
File: hinh2-5.jpg Graphic file (type jpg)
<use hinh2-5.jpg>
Package luatex.def Info: hinh2-5.jpg  used on input line 609.
(luatex.def)             Requested size: 455.24411pt x 500.82977pt.
 [20<./hinh2-5.jpg>] [21

] [22]
<hinh3-1.jpg, id=140, 1115.16624pt x 1010.77625pt>
File: hinh3-1.jpg Graphic file (type jpg)
<use hinh3-1.jpg>
Package luatex.def Info: hinh3-1.jpg  used on input line 654.
(luatex.def)             Requested size: 364.19667pt x 330.1024pt.
<hinh3-2.png, id=141, 578.16pt x 361.35pt>
File: hinh3-2.png Graphic file (type png)
<use hinh3-2.png>
Package luatex.def Info: hinh3-2.png  used on input line 659.
(luatex.def)             Requested size: 364.19667pt x 227.61862pt.
 [23<./hinh3-1.jpg>] [24<./hinh3-2.png>]
<hinh3-3.jpg, id=149, 978.65625pt x 1095.09125pt>
File: hinh3-3.jpg Graphic file (type jpg)
<use hinh3-3.jpg>
Package luatex.def Info: hinh3-3.jpg  used on input line 677.
(luatex.def)             Requested size: 455.24411pt x 509.41269pt.

[25<./hinh3-3.jpg>] [26]
Underfull \hbox (badness 10000) in paragraph at lines 695--695
[]|\TU/TimesNewRoman(0)/m/n/13.00003 Số lượng
 []


Underfull \hbox (badness 4217) in paragraph at lines 695--695
[]|\TU/TimesNewRoman(0)/m/n/13.00003 Thời gian tính
 []


Underfull \hbox (badness 3849) in paragraph at lines 695--695
\TU/TimesNewRoman(0)/m/n/13.00003 toán trên CPU
 []


Underfull \hbox (badness 4217) in paragraph at lines 695--695
[]|\TU/TimesNewRoman(0)/m/n/13.00003 Thời gian tính
 []


Underfull \hbox (badness 4217) in paragraph at lines 695--695
[]|\TU/TimesNewRoman(0)/m/n/13.00003 Thời gian tính
 []


Underfull \hbox (badness 10000) in paragraph at lines 695--695
\TU/TimesNewRoman(0)/m/n/13.00003 toán lực trên
 []


Underfull \hbox (badness 4217) in paragraph at lines 695--697
[]|\TU/TimesNewRoman(0)/m/n/13.00003 Thời gian tính
 []


Underfull \hbox (badness 1259) in paragraph at lines 695--697
\TU/TimesNewRoman(0)/m/n/13.00003 toán kernel lực
 []


Underfull \hbox (badness 10000) in paragraph at lines 695--697
\TU/TimesNewRoman(0)/m/n/13.00003 tổng hợp trên
 []


Overfull \hbox (17.22618pt too wide) in paragraph at lines 693--711
 [][] 
 []

[27

]
<hinh4-2.png, id=159, 1060.96375pt x 795.97375pt>
File: hinh4-2.png Graphic file (type png)
<use hinh4-2.png>
Package luatex.def Info: hinh4-2.png  used on input line 736.
(luatex.def)             Requested size: 273.14923pt x 204.91998pt.
 [28]
<hinh4-3.png, id=163, 1010.5755pt x 570.933pt>
File: hinh4-3.png Graphic file (type png)
<use hinh4-3.png>
Package luatex.def Info: hinh4-3.png  used on input line 743.
(luatex.def)             Requested size: 364.19667pt x 205.75351pt.
<hinh4-4.png, id=164, 1148.97255pt x 715.2321pt>
File: hinh4-4.png Graphic file (type png)
<use hinh4-4.png>
Package luatex.def Info: hinh4-4.png  used on input line 748.
(luatex.def)             Requested size: 455.24411pt x 283.38121pt.
<hinh4-5.png, id=165, 1148.3703pt x 715.2321pt>
File: hinh4-5.png Graphic file (type png)
<use hinh4-5.png>
Package luatex.def Info: hinh4-5.png  used on input line 753.
(luatex.def)             Requested size: 455.24411pt x 283.534pt.
 [29<./hinh4-2.png><./hinh4-3.png>]
<hinh4-6.png, id=171, 1010.5755pt x 570.933pt>
File: hinh4-6.png Graphic file (type png)
<use hinh4-6.png>
Package luatex.def Info: hinh4-6.png  used on input line 763.
(luatex.def)             Requested size: 455.24411pt x 257.19624pt.
 [30<./hinh4-4.png><./hinh4-5.png>]
<hinh4-7.png, id=178, 1148.97255pt x 715.2321pt>
File: hinh4-7.png Graphic file (type png)
<use hinh4-7.png>
Package luatex.def Info: hinh4-7.png  used on input line 768.
(luatex.def)             Requested size: 455.24411pt x 283.38121pt.
<hinh4-8.png, id=179, 1148.3703pt x 715.2321pt>
File: hinh4-8.png Graphic file (type png)
<use hinh4-8.png>
Package luatex.def Info: hinh4-8.png  used on input line 773.
(luatex.def)             Requested size: 455.24411pt x 283.534pt.
[31<./hinh4-6.png>]
<hinh4-9.png, id=184, 1010.5755pt x 570.933pt>
File: hinh4-9.png Graphic file (type png)
<use hinh4-9.png>
Package luatex.def Info: hinh4-9.png  used on input line 784.
(luatex.def)             Requested size: 455.24411pt x 257.19624pt.
 [32<./hinh4-7.png><./hinh4-8.png>]
<hinh4-10.png, id=190, 1148.97255pt x 715.2321pt>
File: hinh4-10.png Graphic file (type png)
<use hinh4-10.png>
Package luatex.def Info: hinh4-10.png  used on input line 789.
(luatex.def)             Requested size: 455.24411pt x 283.38121pt.
<hinh4-11.png, id=191, 1148.3703pt x 715.2321pt>
File: hinh4-11.png Graphic file (type png)
<use hinh4-11.png>
Package luatex.def Info: hinh4-11.png  used on input line 794.
(luatex.def)             Requested size: 455.24411pt x 283.534pt.
 [33<./hinh4-9.png>]
[34<./hinh4-10.png><./hinh4-11.png>]
Underfull \hbox (badness 10000) in paragraph at lines 816--816
[]|\TU/TimesNewRoman(0)/m/n/13.00003 Hungarian kết
 []

<hinh4-12.jpg, id=201, 1222.5675pt x 749.80125pt>
File: hinh4-12.jpg Graphic file (type jpg)
<use hinh4-12.jpg>
Package luatex.def Info: hinh4-12.jpg  used on input line 828.
(luatex.def)             Requested size: 455.24411pt x 279.19548pt.
<hinh4-13.jpg, id=202, 1274.7625pt x 749.80125pt>
File: hinh4-13.jpg Graphic file (type jpg)
<use hinh4-13.jpg>
Package luatex.def Info: hinh4-13.jpg  used on input line 833.
(luatex.def)             Requested size: 455.24411pt x 267.76588pt.
[35] [36<./hinh4-12.jpg><./hinh4-13.jpg>] [37

]
Underfull \hbox (badness 1552) in paragraph at lines 855--856
[]\TU/TimesNewRoman(0)/m/n/13.00003 Intel Corporation, ''Intel Drone Light Show Breaks Guinness World Records
 []


Underfull \hbox (badness 5288) in paragraph at lines 855--856
\TU/TimesNewRoman(0)/m/n/13.00003 Title at Olympic Winter Games PyeongChang 2018
''. [Online]. Available:
 []


Underfull \hbox (badness 10000) in paragraph at lines 855--856
\TU/TimesNewRoman(0)/m/n/13.00003 https://www.intc.com/news-events/press-release
s/detail/172/intel-drone-light-
 []


Underfull \hbox (badness 10000) in paragraph at lines 857--858
[]\TU/TimesNewRoman(0)/m/n/13.00003 Ehang, ''EHang Egret’s 1374 drones dancing
 over the City Wall of
 []


Underfull \hbox (badness 10000) in paragraph at lines 857--858
\TU/TimesNewRoman(0)/m/n/13.00003 Xi’an, achieving a Guinness World Records ti
tle''. [Online]. Available:
 []


Underfull \hbox (badness 10000) in paragraph at lines 859--860
[]\TU/TimesNewRoman(0)/m/n/13.00003 Masakazu Senda, ''Vietnam marks 50th Reunifi
cation Day by lighting
 []


Underfull \hbox (badness 10000) in paragraph at lines 859--860
\TU/TimesNewRoman(0)/m/n/13.00003 sky with record dispay of 10,500 drones''. [On
line]. Available:
 []


Underfull \hbox (badness 10000) in paragraph at lines 859--860
\TU/TimesNewRoman(0)/m/n/13.00003 https://www.guinnessworldrecords.com/news/comm
ercial/2025/5/vietnam-marks-
 []

Package mathfont Info: Adjusting font Times New Roman Italic.
Underfull \hbox (badness 5696) in paragraph at lines 863--864
[]\TU/TimesNewRoman(0)/m/n/13.00003 CollMot Robotics Ltd., ”CollMot multi dron
e show spec tech”. [Online].
 []


Underfull \hbox (badness 10000) in paragraph at lines 863--864
\TU/TimesNewRoman(0)/m/n/13.00003 Avaialable: https://collmot.com/user/pages/res
ources/CollMot%20multi-
 []


Underfull \hbox (badness 1127) in paragraph at lines 869--870
[]\TU/TimesNewRoman(0)/m/n/13.00003 Wang, H.Zhao, Jiao Zhang, Dongtang Ma, JiaXu
n Li, Jibo Wei, ”Survey on
 []


Underfull \hbox (badness 1092) in paragraph at lines 873--874
[]\TU/TimesNewRoman(0)/m/n/13.00003 H.Sun, J.Qi, M.Wang ”Path Planning for Den
se Drone Formation Based on
 []


Underfull \hbox (badness 2547) in paragraph at lines 873--874
\TU/TimesNewRoman(0)/m/n/13.00003 Modiefield Aritificial Potential Field”, \T
U/TimesNewRoman(0)/m/it/13.00003 Proceedings of 39th Chinese Control
 []

[38

]
Underfull \hbox (badness 4543) in paragraph at lines 886--887
[]\TU/TimesNewRoman(0)/m/n/13.00003 NVIDIA Corporation, ”NVIDIA CUDA C++ Progr
amming Guide”, 2023.
 []


Underfull \hbox (badness 10000) in paragraph at lines 886--887
\TU/TimesNewRoman(0)/m/n/13.00003 [Online]. Available: https://docs.nvidia.com/c
uda/cuda-c-programming-
 []


Underfull \hbox (badness 10000) in paragraph at lines 888--889
[]\TU/TimesNewRoman(0)/m/n/13.00003 Khronos Group, ”The OpenCL Specification
”, 2023. [Online].
 []


Underfull \hbox (badness 10000) in paragraph at lines 888--889
\TU/TimesNewRoman(0)/m/n/13.00003 Available: https://www.khronos.org/registry/Op
enCL/specs/3.0-
 []

[39] (./main.aux)
 ***********
LaTeX2e <2025-11-01>
L3 programming layer <2025-11-06>
 ***********


LaTeX Font Warning: Size substitutions with differences
(Font)              up to 1.00003pt have occurred.

)

Here is how much of LuaTeX's memory you used:
 21992 strings out of 476081
 125217,953878 words of node,token memory allocated
 716 words of node memory still in use:
   6 hlist, 2 vlist, 2 rule, 2 glue, 4 kern, 1 glyph, 62 attribute, 53 glue_spec
, 62 attribute_list, 2 write nodes
   avail lists: 2:2034,3:540,4:100,5:207,6:271,7:6446,8:56,9:2708,10:20,11:57
 43880 multiletter control sequences out of 65536+600000
 119 fonts using 23972087 bytes
 99i,16n,113p,1192b,458s stack positions out of 10000i,1000n,20000p,200000b,200000s
</usr/share/fonts/truetype/msttcorefonts/Times_New_Roman.ttf></usr/share/fonts/t
ruetype/msttcorefonts/Times_New_Roman_Italic.ttf></usr/share/fonts/truetype/mstt
corefonts/Times_New_Roman_Italic.ttf></usr/share/fonts/truetype/msttcorefonts/Ti
mes_New_Roman_Bold_Italic.ttf></usr/share/fonts/truetype/msttcorefonts/Times_New
_Roman.ttf></usr/share/fonts/truetype/msttcorefonts/Times_New_Roman_Bold.ttf></u
sr/local/texlive/2025/texmf-dist/fonts/type1/public/amsfonts/cm/cmex10.pfb></usr
/local/texlive/2025/texmf-dist/fonts/type1/public/amsfonts/cm/cmmi12.pfb></usr/l
ocal/texlive/2025/texmf-dist/fonts/type1/public/amsfonts/cm/cmmi7.pfb></usr/loca
l/texlive/2025/texmf-dist/fonts/type1/public/amsfonts/cm/cmmi9.pfb></usr/local/t
exlive/2025/texmf-dist/fonts/type1/public/amsfonts/cm/cmr12.pfb></usr/local/texl
ive/2025/texmf-dist/fonts/type1/public/amsfonts/cm/cmr9.pfb></usr/local/texlive/
2025/texmf-dist/fonts/type1/public/amsfonts/cm/cmsy10.pfb></usr/local/texlive/20
25/texmf-dist/fonts/type1/public/amsfonts/cm/cmsy9.pfb>
Output written on main.pdf (50 pages, 69145342 bytes).

PDF statistics: 282 PDF objects out of 1000 (max. 8388607)
 158 compressed objects within 2 object streams
 0 named destinations out of 1000 (max. 131072)
 16 words of extra memory for PDF output out of 10000 (max. 100000000)

